\BOOKMARK [1][-]{section.1}{\332vod}{}% 1
\BOOKMARK [2][-]{subsection.1.1}{Autori a hlavn\355 zdroje informac\355}{section.1}% 2
\BOOKMARK [3][-]{subsubsection.1.1.1}{Autori}{subsection.1.1}% 3
\BOOKMARK [3][-]{subsubsection.1.1.2}{Hlavn\355 zdroje informac\355}{subsection.1.1}% 4
\BOOKMARK [2][-]{subsection.1.2}{Validace modelu}{section.1}% 5
\BOOKMARK [2][-]{subsection.1.3}{Zad\341n\355 projektu}{section.1}% 6
\BOOKMARK [2][-]{subsection.1.4}{Zkouman\351 sc\351n\341re}{section.1}% 7
\BOOKMARK [1][-]{section.2}{Rozbor t\351matu a pou\236it\375ch metod/technologi\355}{}% 8
\BOOKMARK [2][-]{subsection.2.1}{Popis pou\236it\375ch metod a technologii}{section.2}% 9
\BOOKMARK [2][-]{subsection.2.2}{Popis puvodu pou\236it\375ch metod/technologi\355}{section.2}% 10
\BOOKMARK [2][-]{subsection.2.3}{Rozbor t\351matu}{section.2}% 11
\BOOKMARK [3][-]{subsubsection.2.3.1}{Import, export, produkce a spotreba}{subsection.2.3}% 12
\BOOKMARK [3][-]{subsubsection.2.3.2}{Z\341sobn\355ky zemn\355ho plynu}{subsection.2.3}% 13
\BOOKMARK [3][-]{subsubsection.2.3.3}{Prepravn\355 trasy}{subsection.2.3}% 14
\BOOKMARK [3][-]{subsubsection.2.3.4}{Lodn\355 termin\341ly na LNG}{subsection.2.3}% 15
\BOOKMARK [1][-]{section.3}{Koncepce}{}% 16
\BOOKMARK [2][-]{subsection.3.1}{Zpusob vyj\341dren\355 konceptu\341ln\355ho modelu}{section.3}% 17
\BOOKMARK [2][-]{subsection.3.2}{Formy konceptu\341ln\355ho modelu}{section.3}% 18
\BOOKMARK [1][-]{section.4}{Architektura simulacn\355ho modelu/simul\341toru}{}% 19
\BOOKMARK [2][-]{subsection.4.1}{Struktury a inicializace}{section.4}% 20
\BOOKMARK [2][-]{subsection.4.2}{Vektor transakc\355}{section.4}% 21
\BOOKMARK [2][-]{subsection.4.3}{Zpracov\341n\355 akc\355}{section.4}% 22
\BOOKMARK [2][-]{subsection.4.4}{Modelov\375 cas}{section.4}% 23
\BOOKMARK [1][-]{section.5}{Podstata simulacn\355ch experimentu a jejich prubeh}{}% 24
\BOOKMARK [2][-]{subsection.5.1}{Postup experimentov\341n\355}{section.5}% 25
\BOOKMARK [2][-]{subsection.5.2}{Jednotliv\351 experimenty}{section.5}% 26
\BOOKMARK [1][-]{section.6}{Shrnut\355 simulacn\355ch experimentu a z\341ver}{}% 27
